<?xml version="1.0" encoding="UTF-8" ?>
<testsuite tests="9" failures="0" name="it.unitn.disi.languages.utils.LanguageUtilsTest" time="0.194" errors="0" skipped="0">
  <properties>
[...]
</properties>
  <testcase classname="it.unitn.disi.languages.utils.LanguageUtilsTest" name="getLanguageCodes" time="0.009"/>
  <testcase classname="it.unitn.disi.languages.utils.LanguageUtilsTest" name="getISO3Code" time="0"/>
  <testcase classname="it.unitn.disi.languages.utils.LanguageUtilsTest" name="getAllLanguagesAvaliable" time="0.003"/>
  <testcase classname="it.unitn.disi.languages.utils.LanguageUtilsTest" name="getAllLanguagesAvaliableString" time="0.18"/>
  <testcase classname="it.unitn.disi.languages.utils.LanguageUtilsTest" name="testReadTable" time="0"/>
  <testcase classname="it.unitn.disi.languages.utils.LanguageUtilsTest" name="isValidLanguage" time="0.001"/>
  <testcase classname="it.unitn.disi.languages.utils.LanguageUtilsTest" name="getLanguageCodeFromLocale" time="0.001"/>
  <testcase classname="it.unitn.disi.languages.utils.LanguageUtilsTest" name="getLocale" time="0"/>
  <testcase classname="it.unitn.disi.languages.utils.LanguageUtilsTest" name="getCodeName" time="0"/>
</testsuite>